timestamp=2026-04-28T19:55:29Z
cmd=git status --short
?? docs/evidence/rdfa-26/
cmd=git rev-parse --short HEAD
c2e61e9
cmd=git tag --list 'rdfa-26-release-hygiene*' --sort=-creatordate
rdfa-26-release-hygiene-final-2026-04-28
rdfa-26-release-hygiene-2026-04-28
cmd=bash scripts/check-runtime.sh
[RDFA-22] Runtime Readiness Check
- Checking Git trusted directory
  OK: safe.directory contains /paperclip/workspaces/rd-formstack-solutions
- Checking PHP
PHP 8.4.16 (cli) (built: Dec 18 2025 21:19:25) (NTS)
- Checking Composer
Composer version 2.8.8 2025-04-04 16:56:46
- Checking write permissions
  OK: repository is writable
\nResult: READY
cmd=command -v gh || true
